TN:
SF:src/agent/SubagentOrchestrator.ts
FN:109,runParallelSubagents
FN:126,runNext
FN:155,runSingleSubagent
FNF:3
FNH:3
FNDA:12,runParallelSubagents
FNDA:15,runNext
FNDA:68,runSingleSubagent
DA:50,1
DA:51,1
DA:52,1
DA:58,1
DA:59,1
DA:60,1
DA:61,1
DA:93,1
DA:109,1
DA:110,12
DA:111,12
DA:112,12
DA:113,12
DA:114,12
DA:115,1
DA:116,1
DA:118,11
DA:119,11
DA:120,11
DA:121,11
DA:123,11
DA:124,11
DA:126,11
DA:127,15
DA:128,68
DA:129,68
DA:130,68
DA:131,15
DA:133,11
DA:134,11
DA:135,11
DA:136,11
DA:137,11
DA:139,11
DA:140,11
DA:141,12
DA:155,1
DA:156,68
DA:157,68
DA:158,68
DA:159,68
DA:160,68
DA:161,68
DA:163,68
DA:164,1
DA:165,1
DA:166,1
DA:167,1
DA:168,1
DA:169,1
DA:170,1
DA:171,1
DA:172,1
DA:173,1
DA:175,67
DA:176,67
DA:177,67
DA:178,67
DA:180,67
DA:181,67
DA:182,67
DA:184,68
DA:185,1
DA:186,1
DA:187,1
DA:189,67
DA:190,67
DA:192,67
DA:193,33
DA:194,32
DA:195,32
DA:196,1
DA:197,1
DA:198,1
DA:199,32
DA:200,67
DA:202,67
DA:203,1
DA:204,1
DA:205,1
DA:206,67
DA:208,67
DA:209,1
DA:210,1
DA:211,1
DA:212,1
DA:213,1
DA:214,1
DA:215,1
DA:216,1
DA:217,1
DA:218,1
DA:219,1
DA:220,1
DA:221,1
DA:222,67
DA:224,67
DA:225,67
DA:226,66
DA:227,66
DA:228,67
DA:229,67
DA:230,67
DA:231,67
DA:232,67
DA:233,67
DA:234,67
DA:235,67
DA:236,67
DA:238,67
DA:239,1
DA:240,1
DA:241,1
DA:242,1
DA:243,1
DA:244,1
DA:245,1
DA:246,1
DA:247,1
DA:248,1
DA:249,1
DA:250,1
DA:251,1
DA:252,1
DA:253,67
DA:254,68
DA:255,68
DA:256,1
DA:262,1
LF:129
LH:129
BRDA:109,0,0,12
BRDA:114,1,0,1
BRDA:116,2,0,11
BRDA:126,3,0,15
BRDA:127,4,0,68
BRDA:135,5,0,15
BRDA:155,6,0,68
BRDA:159,7,0,68
BRDA:163,8,0,1
BRDA:173,9,0,67
BRDA:184,10,0,1
BRDA:187,11,0,67
BRDA:192,12,0,33
BRDA:193,13,0,32
BRDA:195,14,0,1
BRDA:202,15,0,1
BRDA:208,16,0,1
BRDA:224,17,0,67
BRDA:225,18,0,66
BRDA:238,19,0,1
BRF:20
BRH:20
end_of_record
TN:
SF:src/agent/prompts.ts
FNF:0
FNH:0
DA:49,1
LF:1
LH:1
BRF:0
BRH:0
end_of_record
TN:
SF:src/backend/BackendManager.ts
FN:19,<instance_members_initializer>
FN:27,getInstance
FN:42,createBackend
FN:79,getCurrentBackend
FN:91,setActiveBackend
FN:99,getOrCreateBackend
FN:114,releaseBackend
FN:132,releaseAllBackends
FN:152,executeOperation
FNF:9
FNH:9
FNDA:23,<instance_members_initializer>
FNDA:4,getInstance
FNDA:8,createBackend
FNDA:7,getCurrentBackend
FNDA:7,setActiveBackend
FNDA:2,getOrCreateBackend
FNDA:2,releaseBackend
FNDA:2,releaseAllBackends
FNDA:3,executeOperation
DA:11,1
DA:19,1
DA:20,23
DA:21,23
DA:22,23
DA:27,23
DA:28,4
DA:29,2
DA:30,2
DA:31,2
DA:33,2
DA:34,4
DA:35,4
DA:42,23
DA:43,8
DA:46,8
DA:47,8
DA:48,1
DA:49,1
DA:50,1
DA:51,1
DA:54,7
DA:56,7
DA:57,8
DA:58,5
DA:59,5
DA:61,8
DA:62,1
DA:64,8
DA:65,1
DA:66,8
DA:69,5
DA:70,5
DA:72,5
DA:73,5
DA:74,8
DA:79,23
DA:80,7
DA:81,3
DA:82,7
DA:84,4
DA:85,7
DA:86,7
DA:91,23
DA:92,7
DA:93,7
DA:94,7
DA:99,23
DA:100,2
DA:102,2
DA:103,1
DA:104,1
DA:105,1
DA:106,1
DA:108,2
DA:109,2
DA:114,23
DA:115,2
DA:116,1
DA:118,1
DA:119,1
DA:120,1
DA:121,1
DA:122,1
DA:123,1
DA:124,1
DA:125,1
DA:126,1
DA:127,2
DA:132,23
DA:133,2
DA:135,2
DA:136,2
DA:137,2
DA:138,2
DA:139,1
DA:140,1
DA:141,1
DA:142,1
DA:143,2
DA:145,2
DA:146,2
DA:147,2
DA:152,23
DA:153,3
DA:154,1
DA:155,1
DA:156,1
DA:158,2
DA:159,3
DA:160,1
DA:161,1
DA:163,1
DA:164,1
DA:165,3
DA:166,23
DA:169,1
LF:97
LH:97
BRDA:19,0,0,23
BRDA:27,1,0,4
BRDA:28,2,0,2
BRDA:42,3,0,8
BRDA:47,4,0,1
BRDA:51,5,0,7
BRDA:57,6,0,5
BRDA:61,7,0,1
BRDA:64,8,0,1
BRDA:66,9,0,5
BRDA:79,10,0,7
BRDA:80,11,0,3
BRDA:82,12,0,4
BRDA:91,13,0,7
BRDA:99,14,0,2
BRDA:102,15,0,1
BRDA:114,16,0,2
BRDA:115,17,0,1
BRDA:132,18,0,2
BRDA:138,19,0,1
BRDA:152,20,0,3
BRDA:153,21,0,1
BRDA:156,22,0,2
BRDA:159,23,0,1
BRF:24
BRH:24
end_of_record
TN:
SF:src/backend/GDBBackend.ts
FN:54,<instance_members_initializer>
FN:68,escapePath
FN:75,log
FN:91,initialize
FN:137,createStopEvent
FN:163,updateCurrentFrame
FN:179,launch
FN:212,start
FN:223,attach
FN:233,terminate
FN:251,isRunning
FN:261,continue
FN:274,stepOver
FN:285,stepIn
FN:296,stepOut
FN:307,pause
FN:317,jumpToLine
FN:347,runUntilLine
FN:377,setBreakpoint
FN:408,removeBreakpoint
FN:418,getBreakpoints
FN:425,getStackTrace
FN:450,getVariables
FN:477,getArguments
FN:506,getGlobals
FN:533,evaluate
FN:557,getRegisters
FN:580,readMemory
FN:605,writeMemory
FN:619,getLastStopInfo
FN:639,listThreads
FN:666,switchThread
FN:677,getCapabilities
FN:694,restart
FN:705,frameUp
FN:716,frameDown
FN:727,gotoFrame
FN:738,setTempBreakpoint
FN:757,removeAllBreakpointsInFile
FN:777,listSource
FN:808,getSource
FN:818,prettyPrint
FN:832,whatis
FN:853,executeStatement
FN:863,listAllLocals
FN:870,getScopePreview
FNF:46
FNH:46
FNDA:182,<instance_members_initializer>
FNDA:20,escapePath
FNDA:68,log
FNDA:10,initialize
FNDA:14,createStopEvent
FNDA:6,updateCurrentFrame
FNDA:7,launch
FNDA:2,start
FNDA:2,attach
FNDA:4,terminate
FNDA:2,isRunning
FNDA:2,continue
FNDA:2,stepOver
FNDA:2,stepIn
FNDA:2,stepOut
FNDA:2,pause
FNDA:5,jumpToLine
FNDA:5,runUntilLine
FNDA:5,setBreakpoint
FNDA:2,removeBreakpoint
FNDA:1,getBreakpoints
FNDA:14,getStackTrace
FNDA:7,getVariables
FNDA:8,getArguments
FNDA:3,getGlobals
FNDA:4,evaluate
FNDA:3,getRegisters
FNDA:5,readMemory
FNDA:2,writeMemory
FNDA:3,getLastStopInfo
FNDA:12,listThreads
FNDA:2,switchThread
FNDA:1,getCapabilities
FNDA:2,restart
FNDA:6,frameUp
FNDA:3,frameDown
FNDA:2,gotoFrame
FNDA:6,setTempBreakpoint
FNDA:6,removeAllBreakpointsInFile
FNDA:9,listSource
FNDA:4,getSource
FNDA:4,prettyPrint
FNDA:6,whatis
FNDA:4,executeStatement
FNDA:1,listAllLocals
FNDA:1,getScopePreview
DA:27,1
DA:28,1
DA:29,1
DA:43,1
DA:46,1
DA:54,1
DA:55,182
DA:56,182
DA:57,182
DA:58,182
DA:59,182
DA:60,182
DA:62,182
DA:68,182
DA:69,20
DA:70,20
DA:75,182
DA:76,68
DA:77,68
DA:78,68
DA:79,68
DA:80,68
DA:82,1
DA:83,68
DA:91,182
DA:92,10
DA:94,10
DA:95,10
DA:98,10
DA:99,1
DA:100,10
DA:103,10
DA:104,1
DA:105,1
DA:106,1
DA:107,1
DA:109,1
DA:110,10
DA:112,10
DA:113,1
DA:114,1
DA:115,1
DA:116,10
DA:118,10
DA:119,1
DA:120,1
DA:121,1
DA:122,10
DA:125,10
DA:126,10
DA:127,10
DA:128,10
DA:130,10
DA:131,10
DA:132,10
DA:137,182
DA:138,14
DA:139,13
DA:140,5
DA:141,3
DA:142,2
DA:143,1
DA:145,14
DA:146,14
DA:147,14
DA:148,14
DA:149,14
DA:150,5
DA:151,5
DA:152,5
DA:153,5
DA:154,5
DA:155,14
DA:156,14
DA:157,14
DA:163,182
DA:164,6
DA:165,6
DA:166,5
DA:167,5
DA:168,5
DA:169,5
DA:170,5
DA:171,5
DA:172,5
DA:173,5
DA:174,6
DA:179,182
DA:180,7
DA:182,6
DA:185,6
DA:187,7
DA:188,1
DA:189,1
DA:191,7
DA:192,1
DA:193,2
DA:194,2
DA:195,2
DA:196,2
DA:197,1
DA:201,7
DA:202,1
DA:203,1
DA:204,1
DA:206,6
DA:207,7
DA:212,182
DA:213,2
DA:215,1
DA:216,1
DA:217,1
DA:218,2
DA:223,182
DA:224,2
DA:226,1
DA:227,1
DA:228,2
DA:233,182
DA:234,4
DA:236,4
DA:238,1
DA:239,1
DA:240,1
DA:241,1
DA:243,4
DA:244,4
DA:245,4
DA:246,4
DA:251,182
DA:252,2
DA:253,2
DA:254,2
DA:261,182
DA:262,2
DA:264,1
DA:265,1
DA:266,1
DA:267,2
DA:274,182
DA:275,2
DA:277,1
DA:278,1
DA:279,1
DA:280,2
DA:285,182
DA:286,2
DA:288,1
DA:289,1
DA:290,1
DA:291,2
DA:296,182
DA:297,2
DA:299,1
DA:300,1
DA:301,1
DA:302,2
DA:307,182
DA:308,2
DA:310,1
DA:311,1
DA:312,2
DA:317,182
DA:318,5
DA:319,5
DA:322,5
DA:323,5
DA:324,3
DA:325,3
DA:326,1
DA:327,1
DA:328,2
DA:329,2
DA:331,5
DA:332,1
DA:333,1
DA:336,2
DA:337,2
DA:338,2
DA:341,2
DA:342,5
DA:347,182
DA:348,5
DA:349,5
DA:352,5
DA:353,5
DA:354,3
DA:355,3
DA:356,1
DA:357,1
DA:358,2
DA:359,2
DA:361,5
DA:362,1
DA:363,1
DA:366,2
DA:369,2
DA:370,5
DA:377,182
DA:378,5
DA:380,4
DA:382,4
DA:383,4
DA:384,4
DA:387,4
DA:388,5
DA:389,5
DA:390,5
DA:391,5
DA:393,5
DA:394,5
DA:395,5
DA:396,5
DA:397,5
DA:398,5
DA:400,5
DA:401,5
DA:402,5
DA:408,182
DA:409,2
DA:410,1
DA:411,1
DA:412,1
DA:413,2
DA:418,182
DA:419,1
DA:420,1
DA:425,182
DA:426,14
DA:428,13
DA:430,14
DA:431,14
DA:432,13
DA:434,14
DA:435,1
DA:436,1
DA:438,12
DA:439,7
DA:440,7
DA:441,7
DA:442,7
DA:443,7
DA:444,12
DA:445,14
DA:450,182
DA:451,7
DA:453,6
DA:455,7
DA:456,1
DA:457,1
DA:459,6
DA:460,6
DA:462,7
DA:463,1
DA:464,1
DA:466,5
DA:467,4
DA:468,4
DA:469,4
DA:470,4
DA:471,5
DA:472,7
DA:477,182
DA:478,8
DA:480,7
DA:482,8
DA:483,8
DA:486,7
DA:488,8
DA:489,1
DA:490,1
DA:492,6
DA:493,8
DA:495,5
DA:496,4
DA:497,4
DA:498,4
DA:499,4
DA:500,5
DA:501,8
DA:506,182
DA:507,3
DA:508,2
DA:510,2
DA:511,3
DA:513,1
DA:514,1
DA:515,3
DA:517,6
DA:518,6
DA:519,2
DA:520,2
DA:521,2
DA:522,2
DA:523,2
DA:524,2
DA:525,2
DA:526,6
DA:527,1
DA:528,3
DA:533,182
DA:534,4
DA:536,3
DA:538,4
DA:539,4
DA:540,3
DA:541,3
DA:543,3
DA:545,3
DA:546,3
DA:547,4
DA:548,4
DA:549,4
DA:550,4
DA:551,4
DA:552,4
DA:557,182
DA:558,3
DA:560,2
DA:562,2
DA:564,3
DA:565,1
DA:566,1
DA:568,1
DA:569,2
DA:570,2
DA:571,2
DA:572,2
DA:573,1
DA:574,3
DA:580,182
DA:581,5
DA:582,5
DA:583,1
DA:584,1
DA:586,3
DA:588,3
DA:589,3
DA:590,3
DA:592,5
DA:593,1
DA:594,1
DA:596,2
DA:597,5
DA:598,5
DA:599,5
DA:600,5
DA:605,182
DA:606,2
DA:608,1
DA:610,1
DA:611,1
DA:612,1
DA:613,1
DA:614,2
DA:619,182
DA:620,3
DA:622,3
DA:623,1
DA:624,1
DA:626,2
DA:628,2
DA:629,2
DA:630,2
DA:631,2
DA:632,2
DA:633,2
DA:634,3
DA:639,182
DA:640,12
DA:641,11
DA:643,11
DA:644,12
DA:646,12
DA:647,11
DA:648,11
DA:649,11
DA:650,11
DA:651,11
DA:652,11
DA:653,10
DA:654,10
DA:655,10
DA:656,10
DA:657,10
DA:658,11
DA:659,11
DA:660,12
DA:661,12
DA:666,182
DA:667,2
DA:668,1
DA:669,1
DA:671,1
DA:672,2
DA:677,182
DA:678,1
DA:679,1
DA:680,1
DA:681,1
DA:682,1
DA:683,1
DA:684,1
DA:685,1
DA:686,1
DA:687,1
DA:688,1
DA:689,1
DA:694,182
DA:695,2
DA:696,1
DA:697,1
DA:698,2
DA:705,182
DA:706,6
DA:707,5
DA:708,5
DA:709,5
DA:710,6
DA:716,182
DA:717,3
DA:718,3
DA:719,2
DA:720,2
DA:721,3
DA:727,182
DA:728,2
DA:729,1
DA:730,1
DA:731,1
DA:732,2
DA:738,182
DA:739,6
DA:740,5
DA:741,5
DA:742,5
DA:743,5
DA:744,5
DA:745,6
DA:746,6
DA:747,6
DA:748,6
DA:749,6
DA:750,6
DA:751,6
DA:752,6
DA:757,182
DA:758,6
DA:759,5
DA:761,5
DA:762,6
DA:764,4
DA:765,6
DA:766,6
DA:767,6
DA:768,4
DA:769,4
DA:770,4
DA:771,6
DA:772,6
DA:777,182
DA:778,9
DA:779,8
DA:781,9
DA:782,9
DA:784,9
DA:785,8
DA:787,8
DA:788,8
DA:789,8
DA:790,8
DA:791,4
DA:792,4
DA:793,4
DA:794,4
DA:795,4
DA:796,4
DA:797,4
DA:798,8
DA:801,4
DA:802,9
DA:803,9
DA:808,182
DA:809,4
DA:810,3
DA:811,3
DA:812,4
DA:813,4
DA:818,182
DA:819,4
DA:820,3
DA:821,3
DA:822,3
DA:823,3
DA:824,4
DA:825,4
DA:826,4
DA:827,4
DA:832,182
DA:833,6
DA:834,5
DA:836,5
DA:837,5
DA:839,5
DA:840,6
DA:841,6
DA:842,6
DA:843,6
DA:845,3
DA:846,3
DA:847,3
DA:848,6
DA:853,182
DA:854,4
DA:855,3
DA:856,3
DA:857,4
DA:858,4
DA:863,182
DA:864,1
DA:865,1
DA:870,182
DA:871,1
DA:872,1
DA:873,1
DA:874,1
DA:875,182
LF:527
LH:527
BRDA:54,0,0,182
BRDA:68,1,0,20
BRDA:75,2,0,68
BRDA:80,3,0,1
BRDA:91,4,0,10
BRDA:95,5,0,8
BRDA:98,6,0,1
BRDA:103,7,0,1
BRDA:112,8,0,1
BRDA:118,9,0,1
BRDA:137,10,0,14
BRDA:138,11,0,1
BRDA:138,12,0,13
BRDA:139,13,0,8
BRDA:139,14,0,5
BRDA:140,15,0,4
BRDA:140,16,0,2
BRDA:140,17,0,3
BRDA:141,18,0,2
BRDA:142,19,0,1
BRDA:142,20,0,1
BRDA:142,21,0,1
BRDA:147,22,0,1
BRDA:149,23,0,5
BRDA:151,24,0,1
BRDA:152,25,0,2
BRDA:152,26,0,1
BRDA:153,27,0,1
BRDA:155,28,0,9
BRDA:163,29,0,6
BRDA:165,30,0,5
BRDA:168,31,0,1
BRDA:169,32,0,2
BRDA:169,33,0,1
BRDA:170,34,0,1
BRDA:179,35,0,7
BRDA:180,36,0,1
BRDA:180,37,0,6
BRDA:187,38,0,1
BRDA:189,39,0,6
BRDA:191,40,0,1
BRDA:192,41,0,2
BRDA:197,42,0,6
BRDA:201,43,0,1
BRDA:204,44,0,6
BRDA:212,45,0,2
BRDA:213,46,0,1
BRDA:223,47,0,2
BRDA:224,48,0,1
BRDA:233,49,0,4
BRDA:236,50,0,1
BRDA:251,51,0,2
BRDA:261,52,0,2
BRDA:262,53,0,1
BRDA:274,54,0,2
BRDA:275,55,0,1
BRDA:285,56,0,2
BRDA:286,57,0,1
BRDA:296,58,0,2
BRDA:297,59,0,1
BRDA:307,60,0,2
BRDA:308,61,0,1
BRDA:317,62,0,5
BRDA:318,63,0,1
BRDA:318,64,0,4
BRDA:319,65,0,1
BRDA:319,66,0,3
BRDA:323,67,0,3
BRDA:325,68,0,1
BRDA:327,69,0,2
BRDA:331,70,0,1
BRDA:333,71,0,2
BRDA:347,72,0,5
BRDA:348,73,0,1
BRDA:348,74,0,4
BRDA:349,75,0,1
BRDA:349,76,0,3
BRDA:353,77,0,3
BRDA:355,78,0,1
BRDA:357,79,0,2
BRDA:361,80,0,1
BRDA:363,81,0,2
BRDA:377,82,0,5
BRDA:378,83,0,1
BRDA:378,84,0,4
BRDA:388,85,0,4
BRDA:388,86,0,3
BRDA:388,87,0,1
BRDA:389,88,0,4
BRDA:390,89,0,4
BRDA:390,90,0,3
BRDA:390,91,0,1
BRDA:391,92,0,4
BRDA:391,93,0,2
BRDA:391,94,0,2
BRDA:408,95,0,2
BRDA:409,96,0,1
BRDA:418,97,0,1
BRDA:425,98,0,14
BRDA:426,99,0,1
BRDA:426,100,0,13
BRDA:430,101,0,1
BRDA:430,102,0,12
BRDA:431,103,0,13
BRDA:434,104,0,1
BRDA:436,105,0,12
BRDA:438,106,0,7
BRDA:440,107,0,1
BRDA:441,108,0,2
BRDA:441,109,0,2
BRDA:442,110,0,1
BRDA:450,111,0,7
BRDA:451,112,0,1
BRDA:451,113,0,6
BRDA:455,114,0,1
BRDA:457,115,0,6
BRDA:462,116,0,1
BRDA:464,117,0,5
BRDA:466,118,0,4
BRDA:467,119,0,1
BRDA:468,120,0,1
BRDA:469,121,0,1
BRDA:477,122,0,8
BRDA:478,123,0,1
BRDA:478,124,0,7
BRDA:482,125,0,1
BRDA:482,126,0,1
BRDA:483,127,0,7
BRDA:488,128,0,1
BRDA:490,129,0,6
BRDA:493,130,0,1
BRDA:493,131,0,5
BRDA:495,132,0,4
BRDA:496,133,0,1
BRDA:497,134,0,1
BRDA:498,135,0,1
BRDA:506,136,0,3
BRDA:507,137,0,1
BRDA:507,138,0,2
BRDA:511,139,0,1
BRDA:515,140,0,6
BRDA:518,141,0,2
BRDA:526,142,0,1
BRDA:533,143,0,4
BRDA:534,144,0,1
BRDA:534,145,0,3
BRDA:538,146,0,2
BRDA:539,147,0,3
BRDA:547,148,0,1
BRDA:548,149,0,3
BRDA:548,150,0,2
BRDA:557,151,0,3
BRDA:558,152,0,1
BRDA:558,153,0,2
BRDA:564,154,0,1
BRDA:568,155,0,2
BRDA:580,156,0,5
BRDA:581,157,0,1
BRDA:581,158,0,4
BRDA:582,159,0,1
BRDA:584,160,0,3
BRDA:592,161,0,1
BRDA:594,162,0,2
BRDA:597,163,0,1
BRDA:605,164,0,2
BRDA:606,165,0,1
BRDA:619,166,0,3
BRDA:622,167,0,1
BRDA:624,168,0,2
BRDA:639,169,0,12
BRDA:640,170,0,1
BRDA:640,171,0,11
BRDA:644,172,0,1
BRDA:646,173,0,11
BRDA:649,174,0,1
BRDA:649,175,0,10
BRDA:650,176,0,2
BRDA:650,177,0,1
BRDA:651,178,0,1
BRDA:652,179,0,10
BRDA:654,180,0,1
BRDA:655,181,0,2
BRDA:655,182,0,1
BRDA:656,183,0,1
BRDA:658,184,0,1
BRDA:666,185,0,2
BRDA:667,186,0,1
BRDA:677,187,0,1
BRDA:694,188,0,2
BRDA:695,189,0,1
BRDA:705,190,0,6
BRDA:706,191,0,1
BRDA:706,192,0,5
BRDA:716,193,0,3
BRDA:717,194,0,1
BRDA:717,195,0,2
BRDA:718,196,0,1
BRDA:718,197,0,2
BRDA:727,198,0,2
BRDA:728,199,0,1
BRDA:738,200,0,6
BRDA:739,201,0,1
BRDA:739,202,0,5
BRDA:745,203,0,5
BRDA:745,204,0,4
BRDA:745,205,0,1
BRDA:748,206,0,5
BRDA:749,207,0,5
BRDA:749,208,0,3
BRDA:749,209,0,2
BRDA:750,210,0,5
BRDA:750,211,0,3
BRDA:750,212,0,2
BRDA:757,213,0,6
BRDA:758,214,0,1
BRDA:758,215,0,5
BRDA:762,216,0,4
BRDA:762,217,0,1
BRDA:762,218,0,4
BRDA:766,219,0,3
BRDA:766,220,0,1
BRDA:767,221,0,4
BRDA:768,222,0,2
BRDA:771,223,0,4
BRDA:777,224,0,9
BRDA:778,225,0,1
BRDA:778,226,0,8
BRDA:781,227,0,5
BRDA:781,228,0,7
BRDA:782,229,0,5
BRDA:782,230,0,3
BRDA:784,231,0,8
BRDA:788,232,0,5
BRDA:788,233,0,5
BRDA:788,234,0,2
BRDA:789,235,0,5
BRDA:789,236,0,4
BRDA:790,237,0,4
BRDA:790,238,0,4
BRDA:796,239,0,2
BRDA:796,240,0,1
BRDA:798,241,0,4
BRDA:802,242,0,2
BRDA:802,243,0,1
BRDA:808,244,0,4
BRDA:809,245,0,1
BRDA:809,246,0,3
BRDA:812,247,0,2
BRDA:812,248,0,1
BRDA:818,249,0,4
BRDA:819,250,0,1
BRDA:819,251,0,3
BRDA:824,252,0,1
BRDA:825,253,0,3
BRDA:825,254,0,1
BRDA:832,255,0,6
BRDA:833,256,0,1
BRDA:833,257,0,5
BRDA:839,258,0,2
BRDA:840,259,0,1
BRDA:841,260,0,2
BRDA:842,261,0,1
BRDA:842,262,0,1
BRDA:843,263,0,3
BRDA:846,264,0,2
BRDA:846,265,0,1
BRDA:853,266,0,4
BRDA:854,267,0,1
BRDA:854,268,0,3
BRDA:857,269,0,2
BRDA:857,270,0,1
BRDA:863,271,0,1
BRDA:870,272,0,1
BRF:273
BRH:273
end_of_record
TN:
SF:src/protocol/mi2/MI2.ts
FN:51,normalizeMI
FN:96,<instance_members_initializer>
FN:108,MI2
FN:117,start
FN:152,onReady
FN:182,normalize
FN:228,handleOutput
FN:310,sendCommand
FN:320,sendCommandRaw
FN:348,kill
FN:359,isRunning
FN:366,extractStringValue
FNF:12
FNH:12
FNDA:43,normalizeMI
FNDA:40,<instance_members_initializer>
FNDA:40,MI2
FNDA:7,start
FNDA:6,onReady
FNDA:46,normalize
FNDA:28,handleOutput
FNDA:13,sendCommand
FNDA:13,sendCommandRaw
FNDA:2,kill
FNDA:6,isRunning
FNDA:14,extractStringValue
DA:21,1
DA:22,1
DA:23,1
DA:51,1
DA:52,43
DA:53,2
DA:54,2
DA:56,43
DA:57,18
DA:58,1
DA:59,1
DA:62,17
DA:63,27
DA:64,17
DA:66,18
DA:68,16
DA:69,16
DA:70,26
DA:71,26
DA:72,16
DA:73,16
DA:76,1
DA:77,1
DA:79,43
DA:80,1
DA:81,1
DA:82,2
DA:83,2
DA:84,1
DA:85,1
DA:87,22
DA:88,22
DA:96,1
DA:97,40
DA:98,40
DA:99,40
DA:100,40
DA:103,40
DA:104,40
DA:106,40
DA:108,40
DA:109,40
DA:110,40
DA:117,40
DA:118,7
DA:119,7
DA:121,7
DA:122,7
DA:123,7
DA:124,7
DA:126,7
DA:127,8
DA:128,7
DA:130,7
DA:131,1
DA:132,7
DA:135,7
DA:136,1
DA:137,1
DA:138,1
DA:139,1
DA:140,1
DA:141,1
DA:142,1
DA:143,7
DA:145,7
DA:146,1
DA:147,1
DA:148,7
DA:151,7
DA:152,7
DA:156,6
DA:157,6
DA:158,2
DA:159,1
DA:160,5
DA:161,5
DA:162,6
DA:163,1
DA:164,1
DA:165,6
DA:167,7
DA:170,7
DA:171,1
DA:172,1
DA:173,1
DA:174,1
DA:175,7
DA:176,7
DA:177,7
DA:182,40
DA:183,46
DA:184,46
DA:187,14
DA:188,27
DA:189,26
DA:190,26
DA:191,14
DA:193,46
DA:194,13
DA:195,13
DA:197,13
DA:199,5
DA:200,5
DA:203,8
DA:204,20
DA:205,20
DA:206,2
DA:207,1
DA:208,1
DA:209,1
DA:210,1
DA:211,20
DA:212,18
DA:213,18
DA:214,20
DA:215,8
DA:216,8
DA:219,1
DA:220,46
DA:223,40
DA:228,40
DA:229,28
DA:230,28
DA:231,28
DA:232,28
DA:234,28
DA:235,28
DA:238,28
DA:239,9
DA:240,9
DA:241,9
DA:243,17
DA:249,17
DA:250,17
DA:251,8
DA:252,2
DA:253,2
DA:254,8
DA:255,17
DA:258,28
DA:259,9
DA:260,9
DA:262,9
DA:267,6
DA:268,1
DA:269,1
DA:270,1
DA:272,6
DA:273,6
DA:274,6
DA:275,6
DA:276,6
DA:277,9
DA:278,3
DA:279,3
DA:280,3
DA:281,9
DA:284,17
DA:285,17
DA:286,8
DA:287,6
DA:288,4
DA:289,4
DA:290,4
DA:293,4
DA:294,4
DA:295,4
DA:296,6
DA:297,2
DA:298,2
DA:299,6
DA:300,8
DA:301,17
DA:302,28
DA:303,28
DA:310,40
DA:312,13
DA:313,13
DA:314,13
DA:315,13
DA:320,40
DA:321,13
DA:322,13
DA:323,1
DA:324,1
DA:325,1
DA:327,12
DA:328,12
DA:330,12
DA:331,12
DA:332,13
DA:335,13
DA:336,13
DA:337,3
DA:338,2
DA:339,2
DA:340,2
DA:341,13
DA:342,13
DA:343,13
DA:348,40
DA:349,2
DA:350,1
DA:351,1
DA:352,1
DA:353,1
DA:354,2
DA:359,40
DA:360,6
DA:361,6
DA:366,40
DA:367,14
DA:368,14
DA:369,14
DA:370,40
LF:216
LH:216
BRDA:51,0,0,43
BRDA:52,1,0,42
BRDA:52,2,0,2
BRDA:54,3,0,41
BRDA:56,4,0,18
BRDA:57,5,0,1
BRDA:59,6,0,17
BRDA:66,7,0,16
BRDA:69,8,0,26
BRDA:73,9,0,1
BRDA:77,10,0,23
BRDA:79,11,0,1
BRDA:81,12,0,2
BRDA:85,13,0,22
BRDA:62,14,0,27
BRDA:63,15,0,26
BRDA:63,16,0,26
BRDA:96,17,0,40
BRDA:108,18,0,40
BRDA:117,19,0,7
BRDA:118,20,0,7
BRDA:126,21,0,8
BRDA:130,22,0,1
BRDA:135,23,0,1
BRDA:145,24,0,1
BRDA:152,25,0,6
BRDA:154,26,0,1
BRDA:157,27,0,2
BRDA:158,28,0,1
BRDA:159,29,0,5
BRDA:162,30,0,1
BRDA:170,31,0,1
BRDA:182,32,0,46
BRDA:183,33,0,25
BRDA:183,34,0,21
BRDA:184,35,0,7
BRDA:184,36,0,14
BRDA:193,37,0,13
BRDA:197,38,0,7
BRDA:197,39,0,5
BRDA:200,40,0,8
BRDA:216,41,0,1
BRDA:187,42,0,27
BRDA:188,43,0,26
BRDA:189,44,0,26
BRDA:194,45,0,26
BRDA:195,46,0,21
BRDA:199,47,0,6
BRDA:203,48,0,20
BRDA:205,49,0,2
BRDA:206,50,0,1
BRDA:211,51,0,18
BRDA:219,52,0,2
BRDA:228,53,0,28
BRDA:232,54,0,27
BRDA:235,55,0,2
BRDA:235,56,0,26
BRDA:238,57,0,9
BRDA:241,58,0,17
BRDA:245,59,0,1
BRDA:245,60,0,1
BRDA:250,61,0,8
BRDA:251,62,0,2
BRDA:251,63,0,2
BRDA:258,64,0,9
BRDA:258,65,0,9
BRDA:262,66,0,4
BRDA:262,67,0,6
BRDA:264,68,0,1
BRDA:264,69,0,1
BRDA:267,70,0,1
BRDA:277,71,0,3
BRDA:278,72,0,2
BRDA:278,73,0,1
BRDA:281,74,0,17
BRDA:285,75,0,8
BRDA:286,76,0,6
BRDA:287,77,0,4
BRDA:289,78,0,1
BRDA:292,79,0,1
BRDA:292,80,0,1
BRDA:296,81,0,2
BRDA:293,82,0,10
BRDA:310,83,0,13
BRDA:312,84,0,13
BRDA:313,85,0,7
BRDA:320,86,0,13
BRDA:321,87,0,13
BRDA:322,88,0,1
BRDA:325,89,0,12
BRDA:335,90,0,1
BRDA:335,91,0,11
BRDA:336,92,0,3
BRDA:337,93,0,2
BRDA:348,94,0,2
BRDA:349,95,0,1
BRDA:359,96,0,6
BRDA:366,97,0,14
BRDA:367,98,0,13
BRDA:367,99,0,1
BRDA:368,100,0,6
BRDA:368,101,0,8
BRDA:367,102,0,22
BRF:103
BRH:103
end_of_record
TN:
SF:src/protocol/mi2/mi_parse.ts
FN:46,parseString
FN:87,<instance_members_initializer>
FN:104,valueOf
FN:156,MINode
FN:169,record
FN:180,result
FN:196,parseMI
FN:228,parseCString
FN:259,parseTupleOrList
FN:299,parseValue
FN:309,parseResult
FN:319,parseCommaValue
FN:327,parseCommaResult
FNF:13
FNH:13
FNDA:83,parseString
FNDA:50,<instance_members_initializer>
FNDA:15,valueOf
FNDA:50,MINode
FNDA:3,record
FNDA:3,result
FNDA:50,parseMI
FNDA:84,parseCString
FNDA:16,parseTupleOrList
FNDA:91,parseValue
FNDA:87,parseResult
FNDA:4,parseCommaValue
FNDA:123,parseCommaResult
DA:32,1
DA:33,1
DA:34,1
DA:35,1
DA:36,1
DA:37,1
DA:38,1
DA:39,1
DA:40,1
DA:41,1
DA:42,1
DA:43,1
DA:44,1
DA:46,83
DA:47,83
DA:48,83
DA:54,83
DA:55,83
DA:56,531
DA:61,12
DA:62,12
DA:63,10
DA:64,12
DA:65,2
DA:66,2
DA:67,1
DA:68,1
DA:69,1
DA:70,1
DA:71,1
DA:72,2
DA:76,519
DA:77,519
DA:78,519
DA:79,531
DA:80,83
DA:81,83
DA:87,1
DA:88,50
DA:89,50
DA:93,50
DA:95,50
DA:104,50
DA:105,15
DA:106,2
DA:107,2
DA:108,13
DA:109,13
DA:110,13
DA:111,15
DA:112,12
DA:113,15
DA:114,16
DA:115,16
DA:116,12
DA:117,12
DA:118,11
DA:119,11
DA:120,25
DA:121,12
DA:122,12
DA:123,25
DA:124,11
DA:125,1
DA:126,11
DA:127,9
DA:128,10
DA:129,1
DA:130,1
DA:131,12
DA:132,1
DA:133,1
DA:134,16
DA:135,1
DA:136,1
DA:137,4
DA:138,3
DA:139,3
DA:140,2
DA:141,2
DA:142,2
DA:143,1
DA:144,1
DA:145,1
DA:146,1
DA:147,3
DA:148,1
DA:149,1
DA:150,3
DA:151,12
DA:152,15
DA:153,8
DA:154,15
DA:156,50
DA:157,50
DA:158,50
DA:162,50
DA:163,50
DA:164,50
DA:165,50
DA:166,50
DA:167,50
DA:169,50
DA:170,3
DA:171,1
DA:172,1
DA:173,2
DA:174,3
DA:175,1
DA:176,1
DA:177,1
DA:178,3
DA:180,50
DA:181,3
DA:182,1
DA:183,1
DA:184,2
DA:185,3
DA:186,50
DA:188,1
DA:189,1
DA:190,1
DA:191,1
DA:192,1
DA:193,1
DA:194,1
DA:196,1
DA:213,50
DA:214,50
DA:215,50
DA:217,50
DA:218,50
DA:219,50
DA:220,50
DA:221,50
DA:222,50
DA:223,50
DA:224,50
DA:225,50
DA:226,50
DA:228,50
DA:229,84
DA:230,1
DA:231,1
DA:232,83
DA:233,83
DA:234,83
DA:235,83
DA:236,84
DA:237,628
DA:238,12
DA:239,628
DA:240,12
DA:241,616
DA:242,83
DA:243,83
DA:245,628
DA:246,628
DA:247,628
DA:248,83
DA:249,83
DA:250,83
DA:255,83
DA:256,83
DA:257,84
DA:259,50
DA:264,16
DA:265,16
DA:266,16
DA:267,16
DA:268,4
DA:269,4
DA:270,4
DA:271,16
DA:272,3
DA:273,3
DA:274,2
DA:275,2
DA:276,2
DA:277,2
DA:278,2
DA:279,2
DA:280,2
DA:281,2
DA:282,2
DA:283,3
DA:284,10
DA:285,15
DA:286,9
DA:287,9
DA:288,9
DA:289,26
DA:290,26
DA:291,9
DA:292,9
DA:293,9
DA:297,50
DA:299,50
DA:300,91
DA:301,73
DA:302,91
DA:303,16
DA:304,18
DA:305,2
DA:306,2
DA:307,50
DA:309,50
DA:310,87
DA:311,87
DA:312,1
DA:313,1
DA:314,86
DA:315,86
DA:316,86
DA:317,50
DA:319,50
DA:320,4
DA:321,2
DA:322,2
DA:323,2
DA:324,2
DA:325,50
DA:327,50
DA:328,123
DA:329,46
DA:330,46
DA:331,77
DA:332,77
DA:333,50
DA:335,50
DA:337,50
DA:338,27
DA:339,27
DA:340,1
DA:341,1
DA:343,27
DA:344,16
DA:345,16
DA:346,16
DA:347,15
DA:348,15
DA:349,16
DA:350,1
DA:351,1
DA:352,1
DA:353,16
DA:354,16
DA:355,16
DA:356,16
DA:357,16
DA:358,16
DA:359,16
DA:360,16
DA:361,40
DA:362,40
DA:363,16
DA:364,27
DA:365,11
DA:366,11
DA:367,11
DA:368,11
DA:369,11
DA:370,11
DA:371,11
DA:373,27
DA:374,27
DA:376,50
DA:377,21
DA:378,21
DA:379,11
DA:380,11
DA:381,21
DA:382,21
DA:383,21
DA:384,21
DA:385,21
DA:386,21
DA:387,11
DA:388,11
DA:390,21
DA:391,21
DA:395,50
LF:282
LH:282
BRDA:46,0,0,83
BRDA:51,1,0,1
BRDA:55,2,0,531
BRDA:56,3,0,12
BRDA:58,4,0,1
BRDA:62,5,0,10
BRDA:64,6,0,2
BRDA:66,7,0,1
BRDA:74,8,0,1
BRDA:74,9,0,1
BRDA:87,10,0,50
BRDA:104,11,0,15
BRDA:105,12,0,2
BRDA:107,13,0,13
BRDA:111,14,0,1
BRDA:111,15,0,12
BRDA:113,16,0,16
BRDA:115,17,0,12
BRDA:117,18,0,11
BRDA:117,19,0,11
BRDA:119,20,0,25
BRDA:120,21,0,12
BRDA:124,22,0,1
BRDA:126,23,0,10
BRDA:126,24,0,9
BRDA:128,25,0,1
BRDA:131,26,0,1
BRDA:134,27,0,4
BRDA:134,28,0,1
BRDA:137,29,0,3
BRDA:139,30,0,2
BRDA:142,31,0,1
BRDA:142,32,0,1
BRDA:142,33,0,1
BRDA:147,34,0,1
BRDA:150,35,0,12
BRDA:152,36,0,8
BRDA:156,37,0,50
BRDA:169,38,0,3
BRDA:170,39,0,1
BRDA:172,40,0,2
BRDA:174,41,0,1
BRDA:180,42,0,3
BRDA:181,43,0,1
BRDA:183,44,0,2
BRDA:196,45,0,50
BRDA:337,46,0,27
BRDA:339,47,0,1
BRDA:339,48,0,1
BRDA:339,49,0,1
BRDA:343,50,0,16
BRDA:346,51,0,15
BRDA:349,52,0,1
BRDA:360,53,0,40
BRDA:364,54,0,11
BRDA:376,55,0,21
BRDA:378,56,0,11
BRDA:378,57,0,11
BRDA:386,58,0,11
BRDA:394,59,0,1
BRDA:228,60,0,84
BRDA:229,61,0,1
BRDA:231,62,0,83
BRDA:236,63,0,628
BRDA:237,64,0,12
BRDA:239,65,0,616
BRDA:239,66,0,12
BRDA:241,67,0,604
BRDA:241,68,0,83
BRDA:247,69,0,83
BRDA:252,70,0,1
BRDA:254,71,0,1
BRDA:259,72,0,16
BRDA:261,73,0,1
BRDA:261,74,0,1
BRDA:267,75,0,4
BRDA:270,76,0,12
BRDA:271,77,0,3
BRDA:273,78,0,2
BRDA:283,79,0,15
BRDA:283,80,0,10
BRDA:285,81,0,9
BRDA:288,82,0,26
BRDA:293,83,0,1
BRDA:295,84,0,1
BRDA:299,85,0,91
BRDA:300,86,0,73
BRDA:302,87,0,18
BRDA:302,88,0,9
BRDA:302,89,0,16
BRDA:304,90,0,2
BRDA:309,91,0,87
BRDA:311,92,0,1
BRDA:313,93,0,86
BRDA:319,94,0,4
BRDA:320,95,0,2
BRDA:327,96,0,123
BRDA:328,97,0,46
BRDA:330,98,0,77
BRF:99
BRH:99
end_of_record
TN:
SF:src/server/router.ts
FN:28,sanitizeError
FN:34,ValidationError
FN:51,handleRequest
FN:79,routeRequest
FN:84,normalizePath
FN:116,handlePing
FN:152,handleStatus
FN:173,handleCreateDebugger
FN:204,setLaunchDelegate
FN:211,handleDebugOperation
FN:286,executeBackendOperation
FNF:11
FNH:11
FNDA:11,sanitizeError
FNDA:3,ValidationError
FNDA:62,handleRequest
FNDA:62,routeRequest
FNDA:62,normalizePath
FNDA:1,handlePing
FNDA:4,handleStatus
FNDA:2,handleCreateDebugger
FNDA:6,setLaunchDelegate
FNDA:53,handleDebugOperation
FNDA:43,executeBackendOperation
DA:21,1
DA:23,1
DA:25,1
DA:28,11
DA:29,11
DA:30,11
DA:33,1
DA:34,1
DA:35,3
DA:36,3
DA:37,3
DA:38,1
DA:51,62
DA:52,62
DA:53,62
DA:54,62
DA:55,62
DA:56,62
DA:57,62
DA:58,62
DA:59,51
DA:60,62
DA:61,11
DA:63,11
DA:64,11
DA:65,11
DA:66,11
DA:67,11
DA:69,11
DA:70,11
DA:71,11
DA:72,11
DA:73,11
DA:74,62
DA:79,62
DA:80,62
DA:81,62
DA:82,62
DA:83,62
DA:84,62
DA:85,62
DA:87,62
DA:90,62
DA:91,1
DA:92,1
DA:95,62
DA:96,4
DA:97,4
DA:100,62
DA:101,2
DA:102,2
DA:105,62
DA:106,53
DA:107,53
DA:109,2
DA:110,2
DA:111,2
DA:116,1
DA:117,1
DA:119,1
DA:121,1
DA:123,1
DA:125,1
DA:126,1
DA:128,1
DA:129,1
DA:130,1
DA:131,1
DA:133,1
DA:135,1
DA:136,1
DA:137,1
DA:138,1
DA:139,1
DA:140,1
DA:141,1
DA:142,1
DA:143,1
DA:144,1
DA:145,1
DA:146,1
DA:147,1
DA:152,4
DA:153,4
DA:154,4
DA:155,4
DA:157,4
DA:158,4
DA:159,4
DA:160,4
DA:161,4
DA:162,4
DA:163,4
DA:164,4
DA:165,4
DA:166,4
DA:167,4
DA:168,4
DA:173,2
DA:174,2
DA:176,2
DA:177,1
DA:178,1
DA:180,1
DA:182,1
DA:183,1
DA:184,1
DA:185,1
DA:186,1
DA:187,1
DA:189,1
DA:190,1
DA:192,1
DA:193,1
DA:194,1
DA:195,1
DA:196,1
DA:197,1
DA:198,1
DA:199,1
DA:200,1
DA:202,1
DA:204,1
DA:205,6
DA:206,6
DA:211,53
DA:212,53
DA:213,1
DA:214,1
DA:216,52
DA:218,53
DA:219,1
DA:220,1
DA:223,53
DA:224,47
DA:225,47
DA:228,3
DA:229,47
DA:232,53
DA:233,4
DA:234,4
DA:235,4
DA:236,4
DA:237,4
DA:239,4
DA:241,4
DA:242,2
DA:243,2
DA:244,2
DA:245,1
DA:246,1
DA:247,1
DA:248,1
DA:249,1
DA:250,1
DA:251,1
DA:253,2
DA:254,2
DA:255,2
DA:257,2
DA:258,2
DA:259,2
DA:260,4
DA:261,4
DA:262,4
DA:265,44
DA:266,53
DA:267,1
DA:268,1
DA:270,43
DA:273,43
DA:275,42
DA:276,42
DA:277,42
DA:278,42
DA:279,42
DA:280,42
DA:281,42
DA:286,43
DA:287,43
DA:292,43
DA:293,1
DA:294,43
DA:295,1
DA:298,43
DA:299,1
DA:300,1
DA:303,43
DA:304,1
DA:305,1
DA:306,43
DA:307,43
DA:308,43
DA:309,1
DA:310,1
DA:311,43
DA:312,43
DA:313,1
DA:314,1
DA:315,43
DA:316,43
DA:317,1
DA:318,1
DA:319,43
DA:320,1
DA:321,1
DA:322,43
DA:323,1
DA:324,1
DA:325,43
DA:326,1
DA:327,1
DA:328,43
DA:329,2
DA:330,2
DA:331,43
DA:332,43
DA:333,1
DA:334,1
DA:335,43
DA:336,43
DA:337,1
DA:338,1
DA:339,43
DA:340,1
DA:341,1
DA:344,43
DA:345,1
DA:346,43
DA:347,1
DA:348,43
DA:349,1
DA:350,43
DA:351,1
DA:352,1
DA:353,43
DA:354,1
DA:357,43
DA:358,3
DA:359,43
DA:360,1
DA:361,43
DA:362,2
DA:363,43
DA:364,1
DA:365,43
DA:366,1
DA:367,43
DA:368,1
DA:369,43
DA:376,1
DA:377,1
DA:378,1
DA:379,43
DA:383,2
DA:384,2
DA:385,2
DA:386,2
DA:387,43
DA:388,1
DA:389,43
DA:390,1
DA:391,43
DA:392,1
DA:393,43
DA:394,1
DA:395,43
DA:396,1
DA:397,43
DA:398,1
DA:399,43
DA:400,1
DA:403,43
DA:404,1
DA:405,43
DA:406,1
DA:407,1
DA:410,43
DA:411,1
DA:412,43
DA:413,1
DA:418,43
DA:419,43
LF:283
LH:283
BRDA:28,0,0,11
BRDA:34,1,0,3
BRDA:51,2,0,62
BRDA:58,3,0,51
BRDA:60,4,0,11
BRDA:63,5,0,3
BRDA:63,6,0,8
BRDA:79,7,0,62
BRDA:90,8,0,7
BRDA:90,9,0,1
BRDA:92,10,0,61
BRDA:95,11,0,6
BRDA:95,12,0,3
BRDA:95,13,0,4
BRDA:97,14,0,57
BRDA:100,15,0,55
BRDA:100,16,0,2
BRDA:102,17,0,55
BRDA:105,18,0,53
BRDA:105,19,0,1
BRDA:105,20,0,53
BRDA:107,21,0,2
BRDA:84,22,0,62
BRDA:84,23,0,1
BRDA:116,24,0,1
BRDA:152,25,0,4
BRDA:154,26,0,3
BRDA:154,27,0,1
BRDA:155,28,0,3
BRDA:155,29,0,1
BRDA:163,30,0,1
BRDA:163,31,0,3
BRDA:164,32,0,1
BRDA:164,33,0,3
BRDA:173,34,0,2
BRDA:176,35,0,1
BRDA:204,36,0,6
BRDA:211,37,0,53
BRDA:212,38,0,52
BRDA:212,39,0,1
BRDA:214,40,0,52
BRDA:218,41,0,51
BRDA:218,42,0,1
BRDA:220,43,0,51
BRDA:223,44,0,47
BRDA:225,45,0,3
BRDA:227,46,0,1
BRDA:229,47,0,48
BRDA:232,48,0,4
BRDA:233,49,0,3
BRDA:241,50,0,2
BRDA:244,51,0,1
BRDA:260,52,0,1
BRDA:260,53,0,1
BRDA:262,54,0,44
BRDA:266,55,0,1
BRDA:268,56,0,43
BRDA:273,57,0,42
BRDA:286,58,0,43
BRDA:290,59,0,1
BRDA:292,60,0,1
BRDA:294,61,0,1
BRDA:298,62,0,1
BRDA:303,63,0,1
BRDA:306,64,0,1
BRDA:307,65,0,1
BRDA:308,66,0,1
BRDA:311,67,0,1
BRDA:312,68,0,1
BRDA:315,69,0,1
BRDA:316,70,0,1
BRDA:319,71,0,1
BRDA:322,72,0,1
BRDA:325,73,0,1
BRDA:328,74,0,2
BRDA:331,75,0,1
BRDA:332,76,0,1
BRDA:335,77,0,1
BRDA:336,78,0,1
BRDA:339,79,0,1
BRDA:344,80,0,1
BRDA:346,81,0,1
BRDA:348,82,0,1
BRDA:350,83,0,1
BRDA:353,84,0,1
BRDA:357,85,0,3
BRDA:358,86,0,1
BRDA:359,87,0,1
BRDA:361,88,0,2
BRDA:362,89,0,1
BRDA:363,90,0,1
BRDA:365,91,0,1
BRDA:367,92,0,1
BRDA:369,93,0,1
BRDA:372,94,0,1
BRDA:373,95,0,1
BRDA:375,96,0,1
BRDA:379,97,0,2
BRDA:382,98,0,1
BRDA:383,99,0,1
BRDA:383,100,0,1
BRDA:387,101,0,1
BRDA:389,102,0,1
BRDA:391,103,0,1
BRDA:393,104,0,1
BRDA:395,105,0,1
BRDA:397,106,0,1
BRDA:399,107,0,1
BRDA:403,108,0,1
BRDA:405,109,0,1
BRDA:410,110,0,1
BRDA:412,111,0,1
BRDA:416,112,0,1
BRF:113
BRH:113
end_of_record
TN:
SF:src/utils/errors.ts
FN:100,DebugError
FN:121,toJSON
FN:136,binaryNotFound
FN:151,gdbNotFound
FN:166,workspaceNotFound
FN:181,missingParameter
FN:197,invalidParameter
FN:213,internal
FN:232,<instance_members_initializer>
FN:236,OperationError
FNF:10
FNH:10
FNDA:14,DebugError
FNDA:2,toJSON
FNDA:2,binaryNotFound
FNDA:1,gdbNotFound
FNDA:1,workspaceNotFound
FNDA:1,missingParameter
FNDA:1,invalidParameter
FNDA:2,internal
FNDA:6,<instance_members_initializer>
FNDA:6,OperationError
DA:42,1
DA:44,1
DA:45,1
DA:46,1
DA:47,1
DA:50,1
DA:51,1
DA:52,1
DA:55,1
DA:56,1
DA:57,1
DA:60,1
DA:61,1
DA:62,1
DA:65,1
DA:66,1
DA:69,1
DA:70,1
DA:71,1
DA:74,1
DA:75,1
DA:78,1
DA:79,1
DA:91,1
DA:100,1
DA:101,14
DA:102,14
DA:103,14
DA:104,14
DA:105,14
DA:106,14
DA:107,14
DA:110,14
DA:113,14
DA:114,14
DA:121,1
DA:122,2
DA:123,2
DA:124,2
DA:125,2
DA:126,2
DA:127,2
DA:128,2
DA:136,1
DA:137,2
DA:138,2
DA:139,2
DA:140,2
DA:141,2
DA:142,2
DA:143,2
DA:151,1
DA:152,1
DA:153,1
DA:154,1
DA:155,1
DA:156,1
DA:157,1
DA:158,1
DA:166,1
DA:167,1
DA:168,1
DA:169,1
DA:170,1
DA:171,1
DA:172,1
DA:173,1
DA:181,1
DA:182,1
DA:183,1
DA:184,1
DA:185,1
DA:186,1
DA:187,1
DA:188,1
DA:197,1
DA:198,1
DA:199,1
DA:200,1
DA:201,1
DA:202,1
DA:203,1
DA:204,1
DA:213,1
DA:214,2
DA:215,2
DA:216,2
DA:217,2
DA:218,2
DA:219,2
DA:220,2
DA:221,1
DA:232,1
DA:233,6
DA:234,6
DA:236,6
DA:237,6
DA:238,6
DA:239,6
DA:240,6
DA:242,6
DA:243,6
DA:244,6
DA:245,6
LF:104
LH:104
BRDA:42,0,0,1
BRDA:100,1,0,14
BRDA:121,2,0,2
BRDA:136,3,0,2
BRDA:151,4,0,1
BRDA:166,5,0,1
BRDA:181,6,0,1
BRDA:197,7,0,1
BRDA:213,8,0,2
BRDA:232,9,0,6
BRDA:236,10,0,6
BRF:11
BRH:11
end_of_record
TN:
SF:src/utils/logging.ts
FN:85,append
FN:86,appendLine
FN:87,clear
FN:88,dispose
FN:89,hide
FN:91,replace
FN:92,show
FN:104,setLogLevel
FN:115,shouldLog
FN:124,formatTimestamp
FN:136,log
FN:169,debug
FN:171,info
FN:173,warn
FN:175,error
FN:191,stringifySafe
FNF:16
FNH:16
FNDA:1,append
FNDA:1,appendLine
FNDA:1,clear
FNDA:1,dispose
FNDA:1,hide
FNDA:1,replace
FNDA:1,show
FNDA:14,setLogLevel
FNDA:167,shouldLog
FNDA:31,formatTimestamp
FNDA:167,log
FNDA:136,debug
FNDA:26,info
FNDA:2,warn
FNDA:3,error
FNDA:8,stringifySafe
DA:48,1
DA:49,1
DA:50,1
DA:59,1
DA:60,1
DA:61,1
DA:62,1
DA:63,1
DA:64,1
DA:66,1
DA:68,1
DA:79,1
DA:104,1
DA:105,14
DA:106,14
DA:115,167
DA:116,167
DA:117,167
DA:124,31
DA:125,31
DA:126,31
DA:136,167
DA:137,167
DA:138,167
DA:139,167
DA:140,167
DA:141,167
DA:142,167
DA:144,31
DA:145,31
DA:146,31
DA:147,31
DA:149,31
DA:150,167
DA:151,1
DA:152,1
DA:153,1
DA:154,1
DA:156,31
DA:157,31
DA:158,167
DA:159,167
DA:168,1
DA:169,1
DA:170,136
DA:171,1
DA:172,26
DA:173,1
DA:174,2
DA:175,1
DA:176,3
DA:177,1
DA:191,1
DA:192,8
DA:193,8
DA:194,8
DA:195,8
DA:196,8
DA:197,15
DA:198,9
DA:199,8
DA:200,8
DA:201,14
DA:202,15
DA:203,8
DA:204,8
DA:205,8
DA:206,2
DA:211,8
LF:69
LH:69
BRDA:82,0,0,1
BRDA:104,1,0,14
BRDA:115,2,0,167
BRDA:124,3,0,31
BRDA:136,4,0,167
BRDA:142,5,0,136
BRDA:142,6,0,31
BRDA:150,7,0,1
BRDA:154,8,0,31
BRDA:158,9,0,1
BRDA:169,10,0,136
BRDA:171,11,0,26
BRDA:173,12,0,2
BRDA:175,13,0,3
BRDA:191,14,0,8
BRDA:205,15,0,2
BRDA:206,16,0,1
BRDA:206,17,0,1
BRDA:208,18,0,1
BRDA:196,19,0,15
BRDA:197,20,0,9
BRDA:197,21,0,9
BRDA:198,22,0,1
BRDA:198,23,0,8
BRDA:200,24,0,14
BRF:25
BRH:25
end_of_record
TN:
SF:src/utils/validation.ts
FN:70,ok
FN:75,fail
FN:80,isNonEmptyString
FN:85,isNumber
FN:96,validateLocation
FN:121,validateOperationArgs
FNF:6
FNH:6
FNDA:118,ok
FNDA:65,fail
FNDA:66,isNonEmptyString
FNDA:62,isNumber
FNDA:29,validateLocation
FNDA:183,validateOperationArgs
DA:70,118
DA:71,118
DA:72,118
DA:75,65
DA:76,65
DA:77,65
DA:80,66
DA:81,66
DA:82,66
DA:85,62
DA:86,62
DA:87,62
DA:96,29
DA:97,29
DA:98,29
DA:99,16
DA:100,16
DA:121,1
DA:122,183
DA:123,183
DA:124,183
DA:125,183
DA:127,183
DA:128,183
DA:129,183
DA:130,183
DA:131,183
DA:132,183
DA:133,183
DA:134,183
DA:135,183
DA:136,183
DA:137,183
DA:138,183
DA:139,183
DA:140,183
DA:141,183
DA:142,183
DA:143,183
DA:144,183
DA:145,183
DA:146,183
DA:147,183
DA:148,183
DA:149,183
DA:150,183
DA:151,183
DA:152,183
DA:153,51
DA:156,183
DA:157,4
DA:158,2
DA:159,2
DA:160,2
DA:161,2
DA:164,183
DA:165,5
DA:166,2
DA:167,2
DA:168,3
DA:169,3
DA:172,183
DA:173,4
DA:174,1
DA:175,1
DA:178,183
DA:179,183
DA:180,183
DA:181,21
DA:182,18
DA:183,18
DA:184,21
DA:185,9
DA:186,9
DA:187,9
DA:188,9
DA:190,183
DA:191,4
DA:192,2
DA:193,2
DA:194,2
DA:195,2
DA:196,2
DA:197,2
DA:199,183
DA:200,183
DA:201,6
DA:202,4
DA:203,4
DA:204,6
DA:205,2
DA:206,2
DA:207,2
DA:208,2
DA:209,2
DA:210,2
DA:211,2
DA:212,2
DA:214,183
DA:215,6
DA:216,6
DA:217,1
DA:218,1
DA:219,5
DA:220,5
DA:221,6
DA:222,1
DA:223,1
DA:224,6
DA:225,2
DA:226,2
DA:227,2
DA:228,2
DA:230,183
DA:231,3
DA:232,3
DA:233,1
DA:234,1
DA:235,2
DA:236,3
DA:237,1
DA:238,1
DA:241,183
DA:242,183
DA:243,8
DA:244,4
DA:245,4
DA:246,4
DA:247,4
DA:250,183
DA:251,5
DA:252,3
DA:253,3
DA:254,2
DA:255,2
DA:258,183
DA:259,4
DA:261,183
DA:262,4
DA:263,2
DA:264,2
DA:265,2
DA:266,2
DA:269,183
DA:270,183
DA:271,183
DA:272,5
DA:274,183
DA:275,183
DA:276,183
DA:277,13
DA:278,7
DA:279,7
DA:280,6
DA:281,6
DA:283,183
DA:284,4
DA:285,2
DA:286,2
DA:287,2
DA:288,2
DA:291,183
DA:292,4
DA:293,2
DA:294,2
DA:295,2
DA:296,2
DA:298,183
DA:299,4
DA:300,1
DA:301,1
DA:302,4
DA:303,4
DA:305,183
DA:306,6
DA:307,2
DA:308,2
DA:309,6
DA:310,1
DA:311,1
DA:312,3
DA:313,3
DA:315,183
DA:316,7
DA:317,2
DA:318,2
DA:319,7
DA:320,1
DA:321,1
DA:322,7
DA:323,1
DA:324,1
DA:325,3
DA:326,3
DA:328,183
DA:329,3
DA:330,2
DA:331,2
DA:332,1
DA:333,1
DA:335,183
DA:336,3
DA:337,2
DA:338,2
DA:339,1
DA:340,1
DA:342,183
DA:343,7
DA:344,2
DA:345,2
DA:346,5
DA:347,7
DA:348,1
DA:349,1
DA:350,4
DA:351,4
DA:353,183
DA:354,2
DA:355,183
DA:356,183
LF:220
LH:220
BRDA:70,0,0,118
BRDA:75,1,0,65
BRDA:80,2,0,66
BRDA:81,3,0,57
BRDA:85,4,0,62
BRDA:86,5,0,46
BRDA:96,6,0,29
BRDA:97,7,0,26
BRDA:97,8,0,3
BRDA:97,9,0,26
BRDA:98,10,0,19
BRDA:98,11,0,10
BRDA:98,12,0,16
BRDA:121,13,0,183
BRDA:127,14,0,1
BRDA:128,15,0,5
BRDA:129,16,0,6
BRDA:130,17,0,9
BRDA:131,18,0,9
BRDA:132,19,0,9
BRDA:133,20,0,12
BRDA:134,21,0,12
BRDA:135,22,0,15
BRDA:136,23,0,15
BRDA:137,24,0,19
BRDA:138,25,0,21
BRDA:139,26,0,24
BRDA:140,27,0,29
BRDA:141,28,0,32
BRDA:142,29,0,33
BRDA:143,30,0,36
BRDA:144,31,0,37
BRDA:145,32,0,40
BRDA:146,33,0,43
BRDA:147,34,0,44
BRDA:148,35,0,46
BRDA:149,36,0,47
BRDA:150,37,0,49
BRDA:151,38,0,50
BRDA:152,39,0,51
BRDA:153,40,0,37
BRDA:156,41,0,4
BRDA:157,42,0,3
BRDA:157,43,0,2
BRDA:164,44,0,5
BRDA:165,45,0,4
BRDA:165,46,0,2
BRDA:167,47,0,3
BRDA:172,48,0,4
BRDA:173,49,0,2
BRDA:173,50,0,3
BRDA:173,51,0,1
BRDA:178,52,0,7
BRDA:179,53,0,14
BRDA:180,54,0,21
BRDA:181,55,0,3
BRDA:181,56,0,18
BRDA:184,57,0,9
BRDA:190,58,0,4
BRDA:191,59,0,3
BRDA:191,60,0,2
BRDA:199,61,0,3
BRDA:200,62,0,6
BRDA:201,63,0,2
BRDA:201,64,0,4
BRDA:204,65,0,2
BRDA:214,66,0,6
BRDA:216,67,0,1
BRDA:218,68,0,5
BRDA:221,69,0,1
BRDA:223,70,0,4
BRDA:224,71,0,3
BRDA:224,72,0,2
BRDA:230,73,0,3
BRDA:232,74,0,1
BRDA:234,75,0,2
BRDA:236,76,0,1
BRDA:241,77,0,4
BRDA:242,78,0,8
BRDA:243,79,0,6
BRDA:243,80,0,4
BRDA:250,81,0,5
BRDA:251,82,0,4
BRDA:251,83,0,4
BRDA:251,84,0,3
BRDA:253,85,0,2
BRDA:258,86,0,4
BRDA:259,87,0,3
BRDA:261,88,0,4
BRDA:262,89,0,3
BRDA:262,90,0,2
BRDA:269,91,0,2
BRDA:270,92,0,3
BRDA:271,93,0,5
BRDA:272,94,0,2
BRDA:274,95,0,5
BRDA:275,96,0,9
BRDA:276,97,0,13
BRDA:277,98,0,10
BRDA:277,99,0,7
BRDA:279,100,0,6
BRDA:283,101,0,4
BRDA:284,102,0,3
BRDA:284,103,0,2
BRDA:291,104,0,4
BRDA:292,105,0,2
BRDA:298,106,0,4
BRDA:299,107,0,2
BRDA:299,108,0,2
BRDA:299,109,0,1
BRDA:301,110,0,3
BRDA:302,111,0,2
BRDA:305,112,0,6
BRDA:306,113,0,5
BRDA:306,114,0,5
BRDA:306,115,0,2
BRDA:308,116,0,4
BRDA:309,117,0,2
BRDA:309,118,0,1
BRDA:311,119,0,3
BRDA:315,120,0,7
BRDA:316,121,0,6
BRDA:316,122,0,6
BRDA:316,123,0,2
BRDA:318,124,0,5
BRDA:319,125,0,2
BRDA:319,126,0,1
BRDA:321,127,0,4
BRDA:322,128,0,2
BRDA:322,129,0,1
BRDA:324,130,0,3
BRDA:328,131,0,3
BRDA:329,132,0,2
BRDA:329,133,0,2
BRDA:331,134,0,1
BRDA:335,135,0,3
BRDA:336,136,0,2
BRDA:336,137,0,2
BRDA:338,138,0,1
BRDA:342,139,0,7
BRDA:343,140,0,6
BRDA:343,141,0,2
BRDA:345,142,0,5
BRDA:346,143,0,4
BRDA:347,144,0,1
BRDA:349,145,0,4
BRDA:353,146,0,2
BRF:147
BRH:147
end_of_record
